mode: set
github.com/elstworkflow/builder/builder.go:77.31,88.2 1 1
github.com/elstworkflow/builder/builder.go:91.99,92.21 1 1
github.com/elstworkflow/builder/builder.go:92.21,95.3 2 1
github.com/elstworkflow/builder/builder.go:97.2,99.10 3 1
github.com/elstworkflow/builder/builder.go:103.141,104.21 1 1
github.com/elstworkflow/builder/builder.go:104.21,107.3 2 0
github.com/elstworkflow/builder/builder.go:109.2,111.10 3 1
github.com/elstworkflow/builder/builder.go:115.99,116.21 1 1
github.com/elstworkflow/builder/builder.go:116.21,119.3 2 0
github.com/elstworkflow/builder/builder.go:121.2,123.10 3 1
github.com/elstworkflow/builder/builder.go:127.48,132.2 4 1
github.com/elstworkflow/builder/builder.go:135.53,138.2 2 1
github.com/elstworkflow/builder/builder.go:141.74,142.27 1 1
github.com/elstworkflow/builder/builder.go:142.27,143.23 1 1
github.com/elstworkflow/builder/builder.go:143.23,145.12 2 0
github.com/elstworkflow/builder/builder.go:147.3,147.22 1 1
github.com/elstworkflow/builder/builder.go:147.22,149.12 2 1
github.com/elstworkflow/builder/builder.go:152.3,152.52 1 1
github.com/elstworkflow/builder/builder.go:152.52,154.4 1 0
github.com/elstworkflow/builder/builder.go:156.2,156.10 1 1
github.com/elstworkflow/builder/builder.go:160.57,161.22 1 1
github.com/elstworkflow/builder/builder.go:161.22,164.3 2 1
github.com/elstworkflow/builder/builder.go:166.2,168.10 3 1
github.com/elstworkflow/builder/builder.go:172.84,173.22 1 1
github.com/elstworkflow/builder/builder.go:173.22,176.3 2 0
github.com/elstworkflow/builder/builder.go:178.2,180.10 3 1
github.com/elstworkflow/builder/builder.go:184.90,185.22 1 1
github.com/elstworkflow/builder/builder.go:185.22,188.3 2 0
github.com/elstworkflow/builder/builder.go:190.2,192.10 3 1
github.com/elstworkflow/builder/builder.go:196.94,197.22 1 1
github.com/elstworkflow/builder/builder.go:197.22,200.3 2 0
github.com/elstworkflow/builder/builder.go:202.2,204.10 3 1
github.com/elstworkflow/builder/builder.go:208.85,209.22 1 1
github.com/elstworkflow/builder/builder.go:209.22,212.3 2 0
github.com/elstworkflow/builder/builder.go:214.2,215.26 2 1
github.com/elstworkflow/builder/builder.go:215.26,217.3 1 0
github.com/elstworkflow/builder/builder.go:218.2,218.29 1 1
github.com/elstworkflow/builder/builder.go:218.29,220.3 1 1
github.com/elstworkflow/builder/builder.go:221.2,221.10 1 1
github.com/elstworkflow/builder/builder.go:225.54,227.23 1 1
github.com/elstworkflow/builder/builder.go:227.23,229.3 1 1
github.com/elstworkflow/builder/builder.go:232.2,232.43 1 1
github.com/elstworkflow/builder/builder.go:232.43,234.3 1 0
github.com/elstworkflow/builder/builder.go:237.2,237.28 1 1
github.com/elstworkflow/builder/builder.go:237.28,238.38 1 1
github.com/elstworkflow/builder/builder.go:238.38,240.4 1 0
github.com/elstworkflow/builder/builder.go:243.2,250.8 1 1
github.com/elstworkflow/builder/builder.go:254.63,257.2 2 1
github.com/elstworkflow/builder/builder.go:260.71,263.2 2 1
github.com/elstworkflow/builder/builder.go:266.80,267.29 1 1
github.com/elstworkflow/builder/builder.go:267.29,269.3 1 1
github.com/elstworkflow/builder/builder.go:270.2,270.10 1 1
github.com/elstworkflow/builder/builder.go:274.78,277.2 2 0
github.com/elstworkflow/builder/builder.go:280.42,282.34 2 1
github.com/elstworkflow/builder/builder.go:282.34,287.3 1 1
github.com/elstworkflow/builder/builder.go:288.2,288.13 1 1
github.com/elstworkflow/builder/builder.go:298.71,299.27 1 1
github.com/elstworkflow/builder/builder.go:299.27,301.3 1 1
github.com/elstworkflow/builder/builder.go:302.2,302.10 1 1
github.com/elstworkflow/codec/codec.go:26.45,30.2 1 1
github.com/elstworkflow/codec/codec.go:33.60,34.20 1 1
github.com/elstworkflow/codec/codec.go:34.20,36.3 1 1
github.com/elstworkflow/codec/codec.go:37.2,37.24 1 1
github.com/elstworkflow/codec/codec.go:41.65,43.2 1 1
github.com/elstworkflow/codec/codec.go:46.42,48.2 1 1
github.com/elstworkflow/codec/codec.go:54.32,56.2 1 1
github.com/elstworkflow/codec/codec.go:59.60,62.16 2 1
github.com/elstworkflow/codec/codec.go:62.16,64.3 1 0
github.com/elstworkflow/codec/codec.go:67.2,68.53 2 1
github.com/elstworkflow/codec/codec.go:68.53,70.3 1 0
github.com/elstworkflow/codec/codec.go:72.2,72.29 1 1
github.com/elstworkflow/codec/codec.go:76.65,79.16 2 1
github.com/elstworkflow/codec/codec.go:79.16,81.3 1 0
github.com/elstworkflow/codec/codec.go:82.2,82.36 1 1
github.com/elstworkflow/codec/codec.go:86.42,88.2 1 1
github.com/elstworkflow/codec/codec.go:91.61,94.30 3 1
github.com/elstworkflow/codec/codec.go:94.30,96.3 1 0
github.com/elstworkflow/codec/codec.go:98.2,98.28 1 1
github.com/elstworkflow/codec/codec.go:98.28,102.28 3 1
github.com/elstworkflow/codec/codec.go:103.31,104.54 1 0
github.com/elstworkflow/codec/codec.go:105.15,106.77 1 1
github.com/elstworkflow/codec/codec.go:107.11,108.77 1 0
github.com/elstworkflow/codec/codec.go:112.2,112.15 1 1
github.com/elstworkflow/codec/codec.go:116.46,120.2 1 1
github.com/elstworkflow/codec/codec.go:159.64,162.2 2 1
github.com/elstworkflow/codec/codec.go:165.54,168.2 2 1
github.com/elstworkflow/codec/codec.go:171.49,174.2 2 1
github.com/elstworkflow/codec/codec.go:177.54,180.2 2 1
github.com/elstworkflow/codec/codec.go:183.41,184.21 1 1
github.com/elstworkflow/codec/codec.go:184.21,186.3 1 1
github.com/elstworkflow/codec/codec.go:188.2,188.26 1 1
github.com/elstworkflow/codec/codec.go:188.26,190.3 1 1
github.com/elstworkflow/codec/codec.go:193.2,194.31 2 1
github.com/elstworkflow/codec/codec.go:194.31,195.19 1 1
github.com/elstworkflow/codec/codec.go:195.19,197.4 1 0
github.com/elstworkflow/codec/codec.go:198.3,198.24 1 1
github.com/elstworkflow/codec/codec.go:198.24,200.4 1 1
github.com/elstworkflow/codec/codec.go:201.3,201.27 1 1
github.com/elstworkflow/codec/codec.go:205.2,205.31 1 1
github.com/elstworkflow/codec/codec.go:205.31,206.25 1 1
github.com/elstworkflow/codec/codec.go:206.25,208.4 1 0
github.com/elstworkflow/codec/codec.go:209.3,209.23 1 1
github.com/elstworkflow/codec/codec.go:209.23,211.4 1 1
github.com/elstworkflow/codec/codec.go:214.2,214.12 1 1
github.com/elstworkflow/context/context.go:19.25,23.2 1 1
github.com/elstworkflow/context/context.go:26.62,30.2 3 1
github.com/elstworkflow/context/context.go:33.63,38.2 4 1
github.com/elstworkflow/context/context.go:41.89,46.9 4 1
github.com/elstworkflow/context/context.go:46.9,48.3 1 1
github.com/elstworkflow/context/context.go:51.2,51.19 1 1
github.com/elstworkflow/context/context.go:51.19,53.3 1 1
github.com/elstworkflow/context/context.go:55.2,55.17 1 0
github.com/elstworkflow/context/context.go:59.59,61.9 2 1
github.com/elstworkflow/context/context.go:61.9,64.3 2 1
github.com/elstworkflow/context/context.go:66.2,67.9 2 1
github.com/elstworkflow/context/context.go:67.9,70.3 2 1
github.com/elstworkflow/context/context.go:72.2,72.22 1 1
github.com/elstworkflow/context/context.go:76.54,78.16 2 1
github.com/elstworkflow/context/context.go:78.16,79.13 1 1
github.com/elstworkflow/context/context.go:81.2,81.12 1 1
github.com/elstworkflow/context/context.go:85.46,89.2 3 1
github.com/elstworkflow/context/context.go:92.43,97.24 4 1
github.com/elstworkflow/context/context.go:97.24,99.3 1 1
github.com/elstworkflow/context/context.go:100.2,100.13 1 1
github.com/elstworkflow/context/context.go:104.48,112.27 4 1
github.com/elstworkflow/context/context.go:112.27,114.3 1 1
github.com/elstworkflow/context/context.go:116.2,116.15 1 1
github.com/elstworkflow/context/context.go:120.48,125.2 4 1
github.com/elstworkflow/context/context.go:128.37,132.2 3 1
github.com/elstworkflow/context/context.go:135.35,139.2 3 1
github.com/elstworkflow/context/context.go:142.43,146.2 3 0
github.com/elstworkflow/engine/engine.go:37.33,38.11 1 1
github.com/elstworkflow/engine/engine.go:39.18,40.16 1 1
github.com/elstworkflow/engine/engine.go:41.21,42.19 1 1
github.com/elstworkflow/engine/engine.go:43.20,44.18 1 1
github.com/elstworkflow/engine/engine.go:45.23,46.21 1 1
github.com/elstworkflow/engine/engine.go:47.20,48.18 1 1
github.com/elstworkflow/engine/engine.go:49.23,50.21 1 1
github.com/elstworkflow/engine/engine.go:51.10,52.19 1 0
github.com/elstworkflow/engine/engine.go:97.30,103.2 1 1
github.com/elstworkflow/engine/engine.go:121.33,122.19 1 1
github.com/elstworkflow/engine/engine.go:122.19,124.3 1 1
github.com/elstworkflow/engine/engine.go:127.2,128.17 2 1
github.com/elstworkflow/engine/engine.go:128.17,130.3 1 1
github.com/elstworkflow/engine/engine.go:132.2,138.3 1 1
github.com/elstworkflow/engine/engine.go:142.51,146.31 3 1
github.com/elstworkflow/engine/engine.go:146.31,148.3 1 0
github.com/elstworkflow/engine/engine.go:151.2,151.44 1 1
github.com/elstworkflow/engine/engine.go:151.44,153.3 1 0
github.com/elstworkflow/engine/engine.go:156.2,158.16 3 1
github.com/elstworkflow/engine/engine.go:158.16,160.3 1 0
github.com/elstworkflow/engine/engine.go:162.2,166.12 4 1
github.com/elstworkflow/engine/engine.go:170.78,171.32 1 1
github.com/elstworkflow/engine/engine.go:172.23,173.41 1 1
github.com/elstworkflow/engine/engine.go:174.20,175.43 1 1
github.com/elstworkflow/engine/engine.go:176.25,177.53 1 0
github.com/elstworkflow/engine/engine.go:178.10,179.41 1 0
github.com/elstworkflow/engine/engine.go:184.70,186.31 2 1
github.com/elstworkflow/engine/engine.go:186.31,189.3 2 0
github.com/elstworkflow/engine/engine.go:190.2,190.23 1 1
github.com/elstworkflow/engine/engine.go:190.23,193.3 2 1
github.com/elstworkflow/engine/engine.go:194.2,194.92 1 1
github.com/elstworkflow/engine/engine.go:194.92,197.3 2 1
github.com/elstworkflow/engine/engine.go:198.2,219.16 10 1
github.com/elstworkflow/engine/engine.go:219.16,223.3 3 0
github.com/elstworkflow/engine/engine.go:223.8,226.3 2 1
github.com/elstworkflow/engine/engine.go:228.2,228.20 1 1
github.com/elstworkflow/engine/engine.go:232.50,233.6 1 1
github.com/elstworkflow/engine/engine.go:233.6,236.34 2 1
github.com/elstworkflow/engine/engine.go:236.34,239.4 2 0
github.com/elstworkflow/engine/engine.go:240.3,240.31 1 1
github.com/elstworkflow/engine/engine.go:240.31,243.12 3 0
github.com/elstworkflow/engine/engine.go:245.3,249.10 3 1
github.com/elstworkflow/engine/engine.go:249.10,251.9 1 1
github.com/elstworkflow/engine/engine.go:255.3,256.17 2 1
github.com/elstworkflow/engine/engine.go:256.17,267.4 5 0
github.com/elstworkflow/engine/engine.go:270.3,276.44 5 1
github.com/elstworkflow/engine/engine.go:276.44,278.4 1 1
github.com/elstworkflow/engine/engine.go:281.2,281.12 1 1
github.com/elstworkflow/engine/engine.go:285.32,289.31 3 1
github.com/elstworkflow/engine/engine.go:289.31,291.3 1 1
github.com/elstworkflow/engine/engine.go:293.2,294.12 2 0
github.com/elstworkflow/engine/engine.go:298.73,300.30 2 0
github.com/elstworkflow/engine/engine.go:300.30,303.3 2 0
github.com/elstworkflow/engine/engine.go:304.2,322.16 8 0
github.com/elstworkflow/engine/engine.go:322.16,326.3 3 0
github.com/elstworkflow/engine/engine.go:326.8,329.3 2 0
github.com/elstworkflow/engine/engine.go:331.2,331.20 1 0
github.com/elstworkflow/engine/engine.go:335.33,339.59 3 1
github.com/elstworkflow/engine/engine.go:339.59,341.3 1 1
github.com/elstworkflow/engine/engine.go:343.2,344.12 2 0
github.com/elstworkflow/engine/engine.go:348.34,353.2 3 1
github.com/elstworkflow/engine/engine.go:356.60,361.34 4 1
github.com/elstworkflow/engine/engine.go:361.34,363.3 1 1
github.com/elstworkflow/engine/engine.go:364.2,364.16 1 1
github.com/elstworkflow/engine/engine.go:368.86,370.35 2 1
github.com/elstworkflow/engine/engine.go:370.35,372.3 1 0
github.com/elstworkflow/engine/engine.go:373.2,373.19 1 1
github.com/elstworkflow/event/event.go:36.36,37.11 1 1
github.com/elstworkflow/event/event.go:38.23,39.27 1 1
github.com/elstworkflow/event/event.go:40.24,41.28 1 1
github.com/elstworkflow/event/event.go:42.22,43.26 1 1
github.com/elstworkflow/event/event.go:44.25,45.29 1 1
github.com/elstworkflow/event/event.go:46.19,47.23 1 1
github.com/elstworkflow/event/event.go:48.20,49.24 1 1
github.com/elstworkflow/event/event.go:50.18,51.22 1 1
github.com/elstworkflow/event/event.go:52.17,53.21 1 1
github.com/elstworkflow/event/event.go:54.20,55.24 1 1
github.com/elstworkflow/event/event.go:56.10,57.19 1 0
github.com/elstworkflow/event/event.go:107.29,111.2 1 1
github.com/elstworkflow/event/event.go:114.75,118.14 3 1
github.com/elstworkflow/event/event.go:118.14,120.3 1 1
github.com/elstworkflow/event/event.go:122.2,132.11 5 1
github.com/elstworkflow/event/event.go:136.61,140.14 3 1
github.com/elstworkflow/event/event.go:140.14,142.3 1 0
github.com/elstworkflow/event/event.go:144.2,144.47 1 1
github.com/elstworkflow/event/event.go:144.47,145.28 1 1
github.com/elstworkflow/event/event.go:145.28,146.32 1 1
github.com/elstworkflow/event/event.go:146.32,149.5 2 1
github.com/elstworkflow/event/event.go:153.2,153.64 1 1
github.com/elstworkflow/event/event.go:157.41,161.14 3 1
github.com/elstworkflow/event/event.go:161.14,163.3 1 1
github.com/elstworkflow/event/event.go:165.2,166.27 2 1
github.com/elstworkflow/event/event.go:166.27,168.3 1 1
github.com/elstworkflow/event/event.go:172.28,178.2 4 1
github.com/elstworkflow/event/event.go:184.61,186.2 1 1
github.com/elstworkflow/event/event.go:189.47,191.2 1 1
github.com/elstworkflow/event/event.go:194.27,196.2 1 1
github.com/elstworkflow/event/event.go:199.14,201.2 1 0
github.com/elstworkflow/core/core.go:28.41,29.11 1 0
github.com/elstworkflow/core/core.go:30.23,31.19 1 0
github.com/elstworkflow/core/core.go:32.23,33.19 1 0
github.com/elstworkflow/core/core.go:34.25,35.21 1 0
github.com/elstworkflow/core/core.go:36.22,37.18 1 0
github.com/elstworkflow/core/core.go:38.25,39.21 1 0
github.com/elstworkflow/core/core.go:40.22,41.18 1 0
github.com/elstworkflow/core/core.go:42.10,43.19 1 0
github.com/elstworkflow/core/core.go:70.37,71.11 1 0
github.com/elstworkflow/core/core.go:72.19,73.19 1 0
github.com/elstworkflow/core/core.go:74.19,75.19 1 0
github.com/elstworkflow/core/core.go:76.21,77.21 1 0
github.com/elstworkflow/core/core.go:78.18,79.18 1 0
github.com/elstworkflow/core/core.go:80.19,81.19 1 0
github.com/elstworkflow/core/core.go:82.21,83.21 1 0
github.com/elstworkflow/core/core.go:84.23,85.23 1 0
github.com/elstworkflow/core/core.go:86.22,87.22 1 0
github.com/elstworkflow/core/core.go:88.10,89.19 1 0
github.com/elstworkflow/core/core.go:106.40,107.11 1 0
github.com/elstworkflow/core/core.go:108.18,109.17 1 0
github.com/elstworkflow/core/core.go:110.24,111.23 1 0
github.com/elstworkflow/core/core.go:112.19,113.18 1 0
github.com/elstworkflow/core/core.go:114.10,115.19 1 0
github.com/elstworkflow/core/core.go:171.40,172.11 1 0
github.com/elstworkflow/core/core.go:173.21,174.18 1 0
github.com/elstworkflow/core/core.go:175.19,176.16 1 0
github.com/elstworkflow/core/core.go:177.20,178.17 1 0
github.com/elstworkflow/core/core.go:179.10,180.19 1 0
github.com/elstworkflow/examples/retry/main.go:16.13,23.69 2 0
github.com/elstworkflow/examples/retry/main.go:23.69,28.20 3 0
github.com/elstworkflow/examples/retry/main.go:28.20,30.5 1 0
github.com/elstworkflow/examples/retry/main.go:32.4,32.25 1 0
github.com/elstworkflow/examples/retry/main.go:39.64,43.4 3 0
github.com/elstworkflow/examples/retry/main.go:47.2,47.16 1 0
github.com/elstworkflow/examples/retry/main.go:47.16,49.3 1 0
github.com/elstworkflow/examples/retry/main.go:52.2,55.35 2 0
github.com/elstworkflow/examples/retry/main.go:55.35,57.3 1 0
github.com/elstworkflow/examples/retry/main.go:60.2,65.16 4 0
github.com/elstworkflow/examples/retry/main.go:65.16,67.3 1 0
github.com/elstworkflow/examples/retry/main.go:70.2,73.45 4 0
github.com/elstworkflow/examples/parallel/main.go:15.13,20.63 1 0
github.com/elstworkflow/examples/parallel/main.go:20.63,24.4 3 0
github.com/elstworkflow/examples/parallel/main.go:25.61,29.4 3 0
github.com/elstworkflow/examples/parallel/main.go:30.61,34.4 3 0
github.com/elstworkflow/examples/parallel/main.go:35.61,39.4 3 0
github.com/elstworkflow/examples/parallel/main.go:40.61,46.4 5 0
github.com/elstworkflow/examples/parallel/main.go:56.2,56.16 1 0
github.com/elstworkflow/examples/parallel/main.go:56.16,58.3 1 0
github.com/elstworkflow/examples/parallel/main.go:61.2,70.35 3 0
github.com/elstworkflow/examples/parallel/main.go:70.35,72.3 1 0
github.com/elstworkflow/examples/parallel/main.go:75.2,81.16 5 0
github.com/elstworkflow/examples/parallel/main.go:81.16,83.3 1 0
github.com/elstworkflow/examples/parallel/main.go:86.2,92.51 5 0
github.com/elstworkflow/examples/parallel/main.go:92.51,94.3 1 0
github.com/elstworkflow/examples/dag/main.go:14.13,29.57 1 0
github.com/elstworkflow/examples/dag/main.go:29.57,32.4 2 0
github.com/elstworkflow/examples/dag/main.go:33.57,37.4 3 0
github.com/elstworkflow/examples/dag/main.go:38.57,42.4 3 0
github.com/elstworkflow/examples/dag/main.go:43.57,47.4 3 0
github.com/elstworkflow/examples/dag/main.go:48.57,52.4 3 0
github.com/elstworkflow/examples/dag/main.go:53.57,58.4 4 0
github.com/elstworkflow/examples/dag/main.go:66.2,66.16 1 0
github.com/elstworkflow/examples/dag/main.go:66.16,68.3 1 0
github.com/elstworkflow/examples/dag/main.go:71.2,79.35 3 0
github.com/elstworkflow/examples/dag/main.go:79.35,81.3 1 0
github.com/elstworkflow/examples/dag/main.go:84.2,89.16 4 0
github.com/elstworkflow/examples/dag/main.go:89.16,91.3 1 0
github.com/elstworkflow/examples/dag/main.go:94.2,100.51 5 0
github.com/elstworkflow/examples/dag/main.go:100.51,102.3 1 0
github.com/elstworkflow/executor/executor.go:41.35,47.27 2 1
github.com/elstworkflow/executor/executor.go:47.27,49.3 1 1
github.com/elstworkflow/executor/executor.go:51.2,51.10 1 1
github.com/elstworkflow/executor/executor.go:58.54,59.27 1 1
github.com/elstworkflow/executor/executor.go:59.27,61.3 1 1
github.com/elstworkflow/executor/executor.go:65.48,66.27 1 1
github.com/elstworkflow/executor/executor.go:66.27,68.3 1 1
github.com/elstworkflow/executor/executor.go:72.85,85.2 8 1
github.com/elstworkflow/executor/executor.go:88.135,91.17 2 1
github.com/elstworkflow/executor/executor.go:91.17,94.47 1 1
github.com/elstworkflow/executor/executor.go:94.47,96.5 1 1
github.com/elstworkflow/executor/executor.go:102.2,103.16 2 1
github.com/elstworkflow/executor/executor.go:103.16,105.67 1 1
github.com/elstworkflow/executor/executor.go:105.67,107.4 1 0
github.com/elstworkflow/executor/executor.go:108.3,108.21 1 1
github.com/elstworkflow/executor/executor.go:111.2,111.20 1 0
github.com/elstworkflow/executor/executor.go:115.69,117.75 1 1
github.com/elstworkflow/executor/executor.go:117.75,119.3 1 1
github.com/elstworkflow/executor/executor.go:122.2,122.45 1 1
github.com/elstworkflow/executor/executor.go:122.45,124.3 1 1
github.com/elstworkflow/executor/executor.go:126.2,126.16 1 1
github.com/elstworkflow/executor/executor.go:130.89,134.37 2 1
github.com/elstworkflow/executor/executor.go:134.37,142.3 1 1
github.com/elstworkflow/executor/executor.go:145.2,148.16 3 1
github.com/elstworkflow/executor/executor.go:148.16,156.3 1 1
github.com/elstworkflow/executor/executor.go:158.2,164.8 1 1
github.com/elstworkflow/executor/executor.go:168.183,173.46 3 1
github.com/elstworkflow/executor/executor.go:173.46,175.3 1 0
github.com/elstworkflow/executor/executor.go:178.2,179.20 2 1
github.com/elstworkflow/executor/executor.go:179.20,181.3 1 1
github.com/elstworkflow/executor/executor.go:181.8,181.51 1 1
github.com/elstworkflow/executor/executor.go:181.51,183.3 1 0
github.com/elstworkflow/executor/executor.go:186.2,186.43 1 1
github.com/elstworkflow/executor/executor.go:186.43,187.26 1 1
github.com/elstworkflow/executor/executor.go:187.26,188.99 1 0
github.com/elstworkflow/executor/executor.go:188.99,190.5 1 0
github.com/elstworkflow/executor/executor.go:192.3,192.25 1 1
github.com/elstworkflow/executor/executor.go:196.2,196.24 1 1
github.com/elstworkflow/executor/executor.go:196.24,198.17 2 1
github.com/elstworkflow/executor/executor.go:198.17,200.4 1 0
github.com/elstworkflow/executor/executor.go:201.3,201.46 1 1
github.com/elstworkflow/executor/executor.go:201.46,203.4 1 1
github.com/elstworkflow/executor/executor.go:204.3,207.9 1 0
github.com/elstworkflow/executor/executor.go:211.2,212.16 2 1
github.com/elstworkflow/executor/executor.go:212.16,214.3 1 1
github.com/elstworkflow/executor/executor.go:215.2,215.45 1 1
github.com/elstworkflow/executor/executor.go:215.45,217.3 1 1
github.com/elstworkflow/executor/executor.go:218.2,221.8 1 0
github.com/elstworkflow/examples/rollback/main.go:16.13,24.48 2 0
github.com/elstworkflow/examples/rollback/main.go:24.48,28.5 3 0
github.com/elstworkflow/examples/rollback/main.go:29.33,33.5 3 0
github.com/elstworkflow/examples/rollback/main.go:36.48,40.5 3 0
github.com/elstworkflow/examples/rollback/main.go:41.33,45.5 3 0
github.com/elstworkflow/examples/rollback/main.go:48.48,52.5 3 0
github.com/elstworkflow/examples/rollback/main.go:53.33,57.5 3 0
github.com/elstworkflow/examples/rollback/main.go:59.73,62.4 1 0
github.com/elstworkflow/examples/rollback/main.go:68.2,68.16 1 0
github.com/elstworkflow/examples/rollback/main.go:68.16,70.3 1 0
github.com/elstworkflow/examples/rollback/main.go:73.2,76.35 2 0
github.com/elstworkflow/examples/rollback/main.go:76.35,78.3 1 0
github.com/elstworkflow/examples/rollback/main.go:81.2,86.16 4 0
github.com/elstworkflow/examples/rollback/main.go:86.16,91.67 3 0
github.com/elstworkflow/examples/rollback/main.go:91.67,93.4 1 0
github.com/elstworkflow/examples/rollback/main.go:93.9,95.4 1 0
github.com/elstworkflow/examples/rollback/main.go:99.2,101.45 3 0
github.com/elstworkflow/examples/serial/main.go:14.13,19.61 1 0
github.com/elstworkflow/examples/serial/main.go:19.61,22.4 2 0
github.com/elstworkflow/examples/serial/main.go:23.61,28.4 3 0
github.com/elstworkflow/examples/serial/main.go:29.61,34.4 3 0
github.com/elstworkflow/examples/serial/main.go:39.2,39.16 1 0
github.com/elstworkflow/examples/serial/main.go:39.16,41.3 1 0
github.com/elstworkflow/examples/serial/main.go:44.2,47.35 2 0
github.com/elstworkflow/examples/serial/main.go:47.35,49.3 1 0
github.com/elstworkflow/examples/serial/main.go:52.2,57.16 4 0
github.com/elstworkflow/examples/serial/main.go:57.16,59.3 1 0
github.com/elstworkflow/examples/serial/main.go:62.2,68.51 5 0
github.com/elstworkflow/examples/serial/main.go:68.51,70.3 1 0
github.com/elstworkflow/graph/graph.go:64.18,70.2 1 1
github.com/elstworkflow/graph/graph.go:73.47,78.16 4 1
github.com/elstworkflow/graph/graph.go:78.16,80.3 1 1
github.com/elstworkflow/graph/graph.go:82.2,82.40 1 1
github.com/elstworkflow/graph/graph.go:82.40,84.3 1 1
github.com/elstworkflow/graph/graph.go:86.2,90.12 4 1
github.com/elstworkflow/graph/graph.go:94.59,100.2 4 1
github.com/elstworkflow/graph/graph.go:103.50,107.41 3 1
github.com/elstworkflow/graph/graph.go:107.41,109.3 1 1
github.com/elstworkflow/graph/graph.go:112.2,112.32 1 1
github.com/elstworkflow/graph/graph.go:112.32,116.3 2 1
github.com/elstworkflow/graph/graph.go:117.2,120.36 2 1
github.com/elstworkflow/graph/graph.go:120.36,124.3 2 0
github.com/elstworkflow/graph/graph.go:125.2,130.12 3 1
github.com/elstworkflow/graph/graph.go:134.56,135.34 1 1
github.com/elstworkflow/graph/graph.go:135.34,136.41 1 1
github.com/elstworkflow/graph/graph.go:136.41,139.4 2 1
github.com/elstworkflow/graph/graph.go:144.51,149.41 3 1
github.com/elstworkflow/graph/graph.go:149.41,151.3 1 1
github.com/elstworkflow/graph/graph.go:152.2,152.39 1 1
github.com/elstworkflow/graph/graph.go:152.39,154.3 1 0
github.com/elstworkflow/graph/graph.go:157.2,157.16 1 1
github.com/elstworkflow/graph/graph.go:157.16,159.3 1 1
github.com/elstworkflow/graph/graph.go:162.2,162.23 1 1
github.com/elstworkflow/graph/graph.go:162.23,164.3 1 1
github.com/elstworkflow/graph/graph.go:167.2,172.26 4 1
github.com/elstworkflow/graph/graph.go:172.26,178.3 4 1
github.com/elstworkflow/graph/graph.go:180.2,180.12 1 1
github.com/elstworkflow/graph/graph.go:184.43,189.28 4 1
github.com/elstworkflow/graph/graph.go:189.28,191.3 1 1
github.com/elstworkflow/graph/graph.go:192.2,192.14 1 1
github.com/elstworkflow/graph/graph.go:196.38,203.2 5 1
github.com/elstworkflow/graph/graph.go:206.62,211.36 4 1
github.com/elstworkflow/graph/graph.go:211.36,213.3 1 1
github.com/elstworkflow/graph/graph.go:214.2,214.13 1 1
github.com/elstworkflow/graph/graph.go:218.60,223.32 4 1
github.com/elstworkflow/graph/graph.go:223.32,225.3 1 1
github.com/elstworkflow/graph/graph.go:226.2,226.19 1 1
github.com/elstworkflow/graph/graph.go:230.59,236.28 4 1
github.com/elstworkflow/graph/graph.go:236.28,238.3 1 1
github.com/elstworkflow/graph/graph.go:239.2,239.32 1 1
github.com/elstworkflow/graph/graph.go:239.32,240.25 1 1
github.com/elstworkflow/graph/graph.go:240.25,242.4 1 1
github.com/elstworkflow/graph/graph.go:246.2,247.37 2 1
github.com/elstworkflow/graph/graph.go:247.37,248.18 1 1
github.com/elstworkflow/graph/graph.go:248.18,250.4 1 1
github.com/elstworkflow/graph/graph.go:253.2,255.21 2 1
github.com/elstworkflow/graph/graph.go:255.21,263.36 4 1
github.com/elstworkflow/graph/graph.go:263.36,265.25 2 1
github.com/elstworkflow/graph/graph.go:265.25,267.5 1 1
github.com/elstworkflow/graph/graph.go:272.2,272.33 1 1
github.com/elstworkflow/graph/graph.go:272.33,274.3 1 1
github.com/elstworkflow/graph/graph.go:276.2,276.20 1 1
github.com/elstworkflow/graph/graph.go:280.36,285.2 3 1
github.com/elstworkflow/graph/graph.go:288.44,293.28 3 1
github.com/elstworkflow/graph/graph.go:293.28,294.21 1 1
github.com/elstworkflow/graph/graph.go:294.21,295.46 1 1
github.com/elstworkflow/graph/graph.go:295.46,297.5 1 1
github.com/elstworkflow/graph/graph.go:301.2,301.14 1 1
github.com/elstworkflow/graph/graph.go:305.85,309.32 3 1
github.com/elstworkflow/graph/graph.go:309.32,310.19 1 1
github.com/elstworkflow/graph/graph.go:310.19,311.44 1 1
github.com/elstworkflow/graph/graph.go:311.44,313.5 1 1
github.com/elstworkflow/graph/graph.go:314.9,314.26 1 1
github.com/elstworkflow/graph/graph.go:314.26,316.4 1 1
github.com/elstworkflow/graph/graph.go:319.2,320.14 2 1
github.com/elstworkflow/graph/graph.go:324.77,330.31 4 1
github.com/elstworkflow/graph/graph.go:330.31,332.22 1 1
github.com/elstworkflow/graph/graph.go:332.22,333.12 1 1
github.com/elstworkflow/graph/graph.go:337.3,338.37 2 1
github.com/elstworkflow/graph/graph.go:338.37,339.24 1 1
github.com/elstworkflow/graph/graph.go:339.24,341.10 2 1
github.com/elstworkflow/graph/graph.go:345.3,345.23 1 1
github.com/elstworkflow/graph/graph.go:345.23,347.4 1 1
github.com/elstworkflow/graph/graph.go:350.2,350.17 1 1
github.com/elstworkflow/graph/graph.go:354.34,366.31 4 1
github.com/elstworkflow/graph/graph.go:366.31,368.3 1 1
github.com/elstworkflow/graph/graph.go:371.2,371.33 1 1
github.com/elstworkflow/graph/graph.go:371.33,373.23 2 1
github.com/elstworkflow/graph/graph.go:373.23,375.4 1 1
github.com/elstworkflow/graph/graph.go:379.2,379.35 1 1
github.com/elstworkflow/graph/graph.go:379.35,381.27 2 1
github.com/elstworkflow/graph/graph.go:381.27,383.4 1 1
github.com/elstworkflow/graph/graph.go:387.2,389.15 2 1
github.com/elstworkflow/graph/graph.go:393.37,398.26 3 1
github.com/elstworkflow/graph/graph.go:398.26,400.3 1 1
github.com/elstworkflow/graph/graph.go:403.2,403.28 1 1
github.com/elstworkflow/graph/graph.go:403.28,404.38 1 1
github.com/elstworkflow/graph/graph.go:404.38,406.4 1 0
github.com/elstworkflow/graph/graph.go:409.2,409.12 1 1
github.com/elstworkflow/graph/graph.go:413.36,418.2 3 1
github.com/elstworkflow/graph/graph.go:421.36,426.2 3 1
github.com/elstworkflow/middleware/middleware.go:42.49,46.2 1 1
github.com/elstworkflow/middleware/middleware.go:49.51,52.2 2 1
github.com/elstworkflow/middleware/middleware.go:55.144,64.34 2 1
github.com/elstworkflow/middleware/middleware.go:64.34,65.51 1 1
github.com/elstworkflow/middleware/middleware.go:65.51,67.4 1 0
github.com/elstworkflow/middleware/middleware.go:71.2,74.34 2 1
github.com/elstworkflow/middleware/middleware.go:74.34,75.17 1 1
github.com/elstworkflow/middleware/middleware.go:75.17,77.4 1 1
github.com/elstworkflow/middleware/middleware.go:77.9,79.4 1 1
github.com/elstworkflow/middleware/middleware.go:82.2,82.20 1 1
github.com/elstworkflow/middleware/middleware.go:91.66,95.2 1 1
github.com/elstworkflow/middleware/middleware.go:98.91,101.2 2 1
github.com/elstworkflow/middleware/middleware.go:104.115,107.2 2 1
github.com/elstworkflow/middleware/middleware.go:110.97,112.2 1 1
github.com/elstworkflow/middleware/middleware.go:127.48,129.2 1 1
github.com/elstworkflow/middleware/middleware.go:132.91,135.2 2 1
github.com/elstworkflow/middleware/middleware.go:138.115,141.2 2 1
github.com/elstworkflow/middleware/middleware.go:144.97,147.2 2 0
github.com/elstworkflow/middleware/middleware.go:155.126,159.2 1 1
github.com/elstworkflow/middleware/middleware.go:162.92,164.2 1 1
github.com/elstworkflow/middleware/middleware.go:167.117,168.2 0 1
github.com/elstworkflow/middleware/middleware.go:171.98,172.22 1 1
github.com/elstworkflow/middleware/middleware.go:172.22,174.3 1 1
github.com/elstworkflow/middleware/middleware.go:183.160,187.2 1 1
github.com/elstworkflow/middleware/middleware.go:190.89,192.2 1 1
github.com/elstworkflow/middleware/middleware.go:195.113,196.22 1 1
github.com/elstworkflow/middleware/middleware.go:196.22,198.3 1 1
github.com/elstworkflow/middleware/middleware.go:202.95,203.22 1 0
github.com/elstworkflow/middleware/middleware.go:203.22,205.3 1 0
github.com/elstworkflow/middleware/middleware.go:214.147,218.2 1 1
github.com/elstworkflow/middleware/middleware.go:221.91,222.22 1 1
github.com/elstworkflow/middleware/middleware.go:222.22,224.3 1 1
github.com/elstworkflow/middleware/middleware.go:225.2,225.12 1 1
github.com/elstworkflow/middleware/middleware.go:229.115,230.22 1 1
github.com/elstworkflow/middleware/middleware.go:230.22,232.3 1 1
github.com/elstworkflow/middleware/middleware.go:236.97,237.22 1 0
github.com/elstworkflow/middleware/middleware.go:237.22,239.3 1 0
github.com/elstworkflow/middleware/middleware.go:243.52,245.2 1 1
github.com/elstworkflow/middleware/middleware.go:248.33,250.2 1 0
github.com/elstworkflow/node/node.go:54.35,55.26 1 1
github.com/elstworkflow/node/node.go:55.26,57.3 1 1
github.com/elstworkflow/node/node.go:61.49,62.26 1 1
github.com/elstworkflow/node/node.go:62.26,64.3 1 1
github.com/elstworkflow/node/node.go:68.55,69.26 1 1
github.com/elstworkflow/node/node.go:69.26,71.3 1 1
github.com/elstworkflow/node/node.go:75.59,76.26 1 1
github.com/elstworkflow/node/node.go:76.26,78.3 1 1
github.com/elstworkflow/node/node.go:82.41,83.26 1 1
github.com/elstworkflow/node/node.go:83.26,85.3 1 1
github.com/elstworkflow/node/node.go:89.50,90.26 1 1
github.com/elstworkflow/node/node.go:90.26,92.3 1 1
github.com/elstworkflow/node/node.go:96.46,97.26 1 1
github.com/elstworkflow/node/node.go:97.26,99.3 1 1
github.com/elstworkflow/node/node.go:103.53,104.26 1 1
github.com/elstworkflow/node/node.go:104.26,106.3 1 1
github.com/elstworkflow/node/node.go:115.44,120.27 2 1
github.com/elstworkflow/node/node.go:120.27,122.3 1 1
github.com/elstworkflow/node/node.go:124.2,126.3 1 1
github.com/elstworkflow/node/node.go:130.34,132.2 1 1
github.com/elstworkflow/node/node.go:135.39,137.2 1 1
github.com/elstworkflow/node/node.go:140.37,141.26 1 1
github.com/elstworkflow/node/node.go:141.26,143.3 1 1
github.com/elstworkflow/node/node.go:144.2,144.12 1 1
github.com/elstworkflow/node/node.go:155.77,162.2 2 1
github.com/elstworkflow/node/node.go:165.119,172.2 2 1
github.com/elstworkflow/node/node.go:175.67,176.24 1 1
github.com/elstworkflow/node/node.go:176.24,178.3 1 0
github.com/elstworkflow/node/node.go:179.2,179.25 1 1
github.com/elstworkflow/node/node.go:183.53,184.25 1 1
github.com/elstworkflow/node/node.go:184.25,186.3 1 0
github.com/elstworkflow/node/node.go:187.2,187.26 1 1
github.com/elstworkflow/node/node.go:191.37,192.46 1 1
github.com/elstworkflow/node/node.go:192.46,194.3 1 1
github.com/elstworkflow/node/node.go:195.2,195.24 1 1
github.com/elstworkflow/node/node.go:195.24,197.3 1 1
github.com/elstworkflow/node/node.go:198.2,198.12 1 1
github.com/elstworkflow/node/node.go:208.73,214.2 2 1
github.com/elstworkflow/node/node.go:217.69,219.2 1 1
github.com/elstworkflow/node/node.go:222.55,224.2 1 1
github.com/elstworkflow/node/node.go:233.64,239.2 2 1
github.com/elstworkflow/node/node.go:242.68,244.2 1 1
github.com/elstworkflow/node/node.go:247.54,249.2 1 0
github.com/elstworkflow/node/node.go:259.99,266.2 2 1
github.com/elstworkflow/node/node.go:269.68,271.24 2 1
github.com/elstworkflow/node/node.go:271.24,273.3 1 0
github.com/elstworkflow/node/node.go:274.2,274.25 1 1
github.com/elstworkflow/node/node.go:278.54,280.2 1 0
github.com/elstworkflow/persistence/persistence.go:70.29,76.2 1 1
github.com/elstworkflow/persistence/persistence.go:79.66,85.2 4 1
github.com/elstworkflow/persistence/persistence.go:88.63,93.9 4 1
github.com/elstworkflow/persistence/persistence.go:93.9,95.3 1 1
github.com/elstworkflow/persistence/persistence.go:97.2,97.18 1 1
github.com/elstworkflow/persistence/persistence.go:101.55,109.2 6 1
github.com/elstworkflow/persistence/persistence.go:112.57,117.30 4 1
github.com/elstworkflow/persistence/persistence.go:117.30,119.3 1 1
github.com/elstworkflow/persistence/persistence.go:120.2,120.17 1 1
github.com/elstworkflow/persistence/persistence.go:124.80,128.32 3 1
github.com/elstworkflow/persistence/persistence.go:128.32,130.3 1 1
github.com/elstworkflow/persistence/persistence.go:132.2,133.12 2 1
github.com/elstworkflow/persistence/persistence.go:137.77,142.9 4 1
github.com/elstworkflow/persistence/persistence.go:142.9,144.3 1 1
github.com/elstworkflow/persistence/persistence.go:146.2,147.9 2 1
github.com/elstworkflow/persistence/persistence.go:147.9,149.3 1 1
github.com/elstworkflow/persistence/persistence.go:151.2,151.18 1 1
github.com/elstworkflow/persistence/persistence.go:155.69,160.9 4 1
github.com/elstworkflow/persistence/persistence.go:160.9,162.3 1 0
github.com/elstworkflow/persistence/persistence.go:164.2,165.12 2 1
github.com/elstworkflow/persistence/persistence.go:169.70,174.9 4 1
github.com/elstworkflow/persistence/persistence.go:174.9,176.3 1 0
github.com/elstworkflow/persistence/persistence.go:178.2,179.26 2 1
github.com/elstworkflow/persistence/persistence.go:179.26,181.3 1 1
github.com/elstworkflow/persistence/persistence.go:182.2,182.19 1 1
github.com/elstworkflow/persistence/persistence.go:186.87,191.35 4 1
github.com/elstworkflow/persistence/persistence.go:191.35,193.3 1 1
github.com/elstworkflow/persistence/persistence.go:195.2,196.12 2 1
github.com/elstworkflow/persistence/persistence.go:200.78,205.9 4 1
github.com/elstworkflow/persistence/persistence.go:205.9,207.3 1 1
github.com/elstworkflow/persistence/persistence.go:209.2,209.24 1 1
github.com/elstworkflow/persistence/persistence.go:213.65,219.2 4 1
github.com/elstworkflow/persistence/persistence.go:227.42,231.2 1 1
github.com/elstworkflow/persistence/persistence.go:234.64,237.2 1 1
github.com/elstworkflow/persistence/persistence.go:240.61,243.2 1 1
github.com/elstworkflow/persistence/persistence.go:246.53,249.2 1 0
github.com/elstworkflow/persistence/persistence.go:252.55,255.2 1 0
github.com/elstworkflow/persistence/persistence.go:258.78,261.2 1 0
github.com/elstworkflow/persistence/persistence.go:264.75,267.2 1 0
github.com/elstworkflow/persistence/persistence.go:270.67,273.2 1 0
github.com/elstworkflow/persistence/persistence.go:276.68,279.2 1 0
github.com/elstworkflow/persistence/persistence.go:282.85,285.2 1 0
github.com/elstworkflow/persistence/persistence.go:288.76,291.2 1 0
github.com/elstworkflow/persistence/persistence.go:294.63,297.2 1 0
github.com/elstworkflow/registry/registry.go:39.21,43.2 1 1
github.com/elstworkflow/registry/registry.go:46.65,50.16 3 1
github.com/elstworkflow/registry/registry.go:50.16,52.3 1 1
github.com/elstworkflow/registry/registry.go:54.2,54.20 1 1
github.com/elstworkflow/registry/registry.go:54.20,56.3 1 1
github.com/elstworkflow/registry/registry.go:58.2,58.44 1 1
github.com/elstworkflow/registry/registry.go:58.44,60.3 1 1
github.com/elstworkflow/registry/registry.go:62.2,63.12 2 1
github.com/elstworkflow/registry/registry.go:67.54,73.2 4 1
github.com/elstworkflow/registry/registry.go:76.80,81.9 4 1
github.com/elstworkflow/registry/registry.go:81.9,83.3 1 1
github.com/elstworkflow/registry/registry.go:85.2,85.36 1 1
github.com/elstworkflow/registry/registry.go:89.36,94.32 4 1
github.com/elstworkflow/registry/registry.go:94.32,96.3 1 1
github.com/elstworkflow/registry/registry.go:97.2,97.14 1 1
github.com/elstworkflow/registry/registry.go:101.42,107.2 4 1
github.com/elstworkflow/registry/registry.go:110.50,114.45 3 1
github.com/elstworkflow/registry/registry.go:114.45,116.3 1 1
github.com/elstworkflow/registry/registry.go:118.2,119.12 2 1
github.com/elstworkflow/registry/registry.go:126.51,128.2 1 1
github.com/elstworkflow/registry/registry.go:131.40,133.2 1 1
github.com/elstworkflow/registry/registry.go:136.66,138.2 1 1
github.com/elstworkflow/registry/registry.go:141.22,143.2 1 1
github.com/elstworkflow/registry/registry.go:146.28,148.2 1 1
github.com/elstworkflow/registry/registry.go:151.36,153.2 1 1
github.com/elstworkflow/registry/registry.go:156.67,157.70 1 1
github.com/elstworkflow/registry/registry.go:157.70,159.3 1 0
github.com/elstworkflow/registry/registry.go:163.109,164.70 1 0
github.com/elstworkflow/registry/registry.go:164.70,166.3 1 0
github.com/elstworkflow/rollback/rollback.go:23.40,24.15 1 1
github.com/elstworkflow/rollback/rollback.go:24.15,26.3 1 1
github.com/elstworkflow/rollback/rollback.go:27.2,27.74 1 0
github.com/elstworkflow/rollback/rollback.go:31.40,33.2 1 1
github.com/elstworkflow/rollback/rollback.go:79.43,84.2 1 1
github.com/elstworkflow/rollback/rollback.go:87.59,92.2 3 1
github.com/elstworkflow/rollback/rollback.go:95.54,99.31 3 1
github.com/elstworkflow/rollback/rollback.go:99.31,101.3 1 1
github.com/elstworkflow/rollback/rollback.go:103.2,105.27 3 1
github.com/elstworkflow/rollback/rollback.go:109.60,117.49 5 1
github.com/elstworkflow/rollback/rollback.go:117.49,121.70 2 1
github.com/elstworkflow/rollback/rollback.go:121.70,122.12 1 1
github.com/elstworkflow/rollback/rollback.go:126.3,126.39 1 1
github.com/elstworkflow/rollback/rollback.go:126.39,127.57 1 1
github.com/elstworkflow/rollback/rollback.go:127.57,133.5 1 1
github.com/elstworkflow/rollback/rollback.go:133.10,135.5 1 1
github.com/elstworkflow/rollback/rollback.go:139.2,139.16 1 1
github.com/elstworkflow/rollback/rollback.go:144.82,153.49 6 1
github.com/elstworkflow/rollback/rollback.go:153.49,157.70 2 1
github.com/elstworkflow/rollback/rollback.go:157.70,159.41 1 0
github.com/elstworkflow/rollback/rollback.go:159.41,161.10 2 0
github.com/elstworkflow/rollback/rollback.go:163.4,163.12 1 0
github.com/elstworkflow/rollback/rollback.go:167.3,167.39 1 1
github.com/elstworkflow/rollback/rollback.go:167.39,168.57 1 1
github.com/elstworkflow/rollback/rollback.go:168.57,174.5 1 0
github.com/elstworkflow/rollback/rollback.go:174.10,176.5 1 1
github.com/elstworkflow/rollback/rollback.go:180.3,180.40 1 1
github.com/elstworkflow/rollback/rollback.go:180.40,182.9 2 1
github.com/elstworkflow/rollback/rollback.go:186.2,186.12 1 1
github.com/elstworkflow/rollback/rollback.go:186.12,188.3 1 1
github.com/elstworkflow/rollback/rollback.go:190.2,190.16 1 1
github.com/elstworkflow/rollback/rollback.go:194.81,199.47 3 1
github.com/elstworkflow/rollback/rollback.go:199.47,200.40 1 1
github.com/elstworkflow/rollback/rollback.go:200.40,201.40 1 1
github.com/elstworkflow/rollback/rollback.go:201.40,203.5 1 1
github.com/elstworkflow/rollback/rollback.go:204.4,204.14 1 0
github.com/elstworkflow/rollback/rollback.go:208.2,208.68 1 1
github.com/elstworkflow/rollback/rollback.go:212.57,217.2 3 1
github.com/elstworkflow/rollback/rollback.go:220.35,226.2 4 1
github.com/elstworkflow/rollback/rollback.go:229.38,234.2 3 1
github.com/elstworkflow/rollback/rollback.go:237.65,241.47 3 1
github.com/elstworkflow/rollback/rollback.go:241.47,242.40 1 1
github.com/elstworkflow/rollback/rollback.go:242.40,244.4 1 1
github.com/elstworkflow/rollback/rollback.go:246.2,246.14 1 1
github.com/elstworkflow/rollback/rollback.go:250.139,259.29 2 0
github.com/elstworkflow/rollback/rollback.go:259.29,261.63 1 0
github.com/elstworkflow/rollback/rollback.go:261.63,263.4 1 0
github.com/elstworkflow/rollback/rollback.go:264.3,264.13 1 0
github.com/elstworkflow/rollback/rollback.go:267.2,267.12 1 0
github.com/elstworkflow/rollback/rollback.go:271.146,280.29 2 0
github.com/elstworkflow/rollback/rollback.go:280.29,284.3 2 0
github.com/elstworkflow/rollback/rollback.go:286.2,286.12 1 0
github.com/elstworkflow/scheduler/scheduler.go:43.59,45.16 2 1
github.com/elstworkflow/scheduler/scheduler.go:45.16,47.3 1 0
github.com/elstworkflow/scheduler/scheduler.go:49.2,54.8 1 1
github.com/elstworkflow/scheduler/scheduler.go:58.52,62.29 3 1
github.com/elstworkflow/scheduler/scheduler.go:62.29,64.42 2 1
github.com/elstworkflow/scheduler/scheduler.go:64.42,65.12 1 1
github.com/elstworkflow/scheduler/scheduler.go:69.3,71.28 3 1
github.com/elstworkflow/scheduler/scheduler.go:71.28,72.25 1 1
github.com/elstworkflow/scheduler/scheduler.go:72.25,74.10 2 1
github.com/elstworkflow/scheduler/scheduler.go:78.3,78.23 1 1
github.com/elstworkflow/scheduler/scheduler.go:78.23,80.4 1 1
github.com/elstworkflow/scheduler/scheduler.go:83.2,83.19 1 1
github.com/elstworkflow/scheduler/scheduler.go:87.50,92.29 4 1
github.com/elstworkflow/scheduler/scheduler.go:92.29,94.42 2 1
github.com/elstworkflow/scheduler/scheduler.go:94.42,95.12 1 1
github.com/elstworkflow/scheduler/scheduler.go:99.3,101.28 3 1
github.com/elstworkflow/scheduler/scheduler.go:101.28,102.25 1 1
github.com/elstworkflow/scheduler/scheduler.go:102.25,104.10 2 1
github.com/elstworkflow/scheduler/scheduler.go:108.3,108.23 1 1
github.com/elstworkflow/scheduler/scheduler.go:108.23,110.4 1 1
github.com/elstworkflow/scheduler/scheduler.go:113.2,113.17 1 1
github.com/elstworkflow/scheduler/scheduler.go:117.54,122.2 3 1
github.com/elstworkflow/scheduler/scheduler.go:125.51,130.2 3 1
github.com/elstworkflow/scheduler/scheduler.go:133.57,138.2 3 1
github.com/elstworkflow/scheduler/scheduler.go:141.54,146.2 3 1
github.com/elstworkflow/scheduler/scheduler.go:149.43,154.2 3 1
github.com/elstworkflow/scheduler/scheduler.go:157.35,163.2 4 1
github.com/elstworkflow/scheduler/scheduler.go:174.47,180.2 1 1
github.com/elstworkflow/scheduler/scheduler.go:183.49,188.24 4 1
github.com/elstworkflow/scheduler/scheduler.go:188.24,190.3 1 1
github.com/elstworkflow/scheduler/scheduler.go:191.2,191.26 1 1
github.com/elstworkflow/scheduler/scheduler.go:195.47,200.2 3 1
github.com/elstworkflow/scheduler/scheduler.go:203.56,205.32 2 1
github.com/elstworkflow/scheduler/scheduler.go:205.32,207.3 1 1
github.com/elstworkflow/scheduler/scheduler.go:208.2,208.29 1 1
github.com/elstworkflow/scheduler/scheduler.go:208.29,210.3 1 0
github.com/elstworkflow/scheduler/scheduler.go:212.2,212.42 1 1
github.com/elstworkflow/scheduler/scheduler.go:216.51,221.2 3 1
github.com/elstworkflow/scheduler/scheduler.go:224.48,229.2 3 0
github.com/elstworkflow/scheduler/scheduler.go:232.54,237.2 3 0
github.com/elstworkflow/scheduler/scheduler.go:240.51,245.2 3 0
github.com/elstworkflow/scheduler/scheduler.go:248.40,253.2 3 0
github.com/elstworkflow/scheduler/scheduler.go:256.32,262.2 4 0
github.com/elstworkflow/scheduler/scheduler.go:274.79,281.2 1 1
github.com/elstworkflow/scheduler/scheduler.go:284.54,289.24 4 1
github.com/elstworkflow/scheduler/scheduler.go:289.24,291.3 1 0
github.com/elstworkflow/scheduler/scheduler.go:294.2,297.33 3 1
github.com/elstworkflow/scheduler/scheduler.go:297.33,299.23 2 1
github.com/elstworkflow/scheduler/scheduler.go:299.23,302.4 2 0
github.com/elstworkflow/scheduler/scheduler.go:305.2,305.19 1 1
github.com/elstworkflow/scheduler/scheduler.go:309.52,314.2 3 0
github.com/elstworkflow/scheduler/scheduler.go:317.61,319.32 2 1
github.com/elstworkflow/scheduler/scheduler.go:319.32,321.3 1 1
github.com/elstworkflow/scheduler/scheduler.go:322.2,322.29 1 1
github.com/elstworkflow/scheduler/scheduler.go:322.29,324.3 1 0
github.com/elstworkflow/scheduler/scheduler.go:326.2,326.42 1 1
github.com/elstworkflow/scheduler/scheduler.go:330.62,331.37 1 1
github.com/elstworkflow/scheduler/scheduler.go:331.37,333.3 1 1
github.com/elstworkflow/scheduler/scheduler.go:334.2,334.10 1 0
github.com/elstworkflow/scheduler/scheduler.go:338.56,343.2 3 1
github.com/elstworkflow/scheduler/scheduler.go:346.53,351.2 3 0
github.com/elstworkflow/scheduler/scheduler.go:354.59,359.2 3 0
github.com/elstworkflow/scheduler/scheduler.go:362.56,367.2 3 0
github.com/elstworkflow/scheduler/scheduler.go:370.45,375.2 3 0
github.com/elstworkflow/scheduler/scheduler.go:378.37,384.2 4 0
github.com/elstworkflow/retry/retry.go:30.56,34.2 1 1
github.com/elstworkflow/retry/retry.go:37.64,39.2 1 1
github.com/elstworkflow/retry/retry.go:42.65,43.36 1 1
github.com/elstworkflow/retry/retry.go:43.36,45.3 1 1
github.com/elstworkflow/retry/retry.go:46.2,46.31 1 1
github.com/elstworkflow/retry/retry.go:46.31,48.3 1 1
github.com/elstworkflow/retry/retry.go:49.2,49.13 1 1
github.com/elstworkflow/retry/retry.go:53.42,55.2 1 1
github.com/elstworkflow/retry/retry.go:58.33,60.2 0 1
github.com/elstworkflow/retry/retry.go:69.62,74.2 1 1
github.com/elstworkflow/retry/retry.go:77.70,78.18 1 1
github.com/elstworkflow/retry/retry.go:78.18,80.3 1 1
github.com/elstworkflow/retry/retry.go:82.2,83.21 2 1
github.com/elstworkflow/retry/retry.go:83.21,85.3 1 0
github.com/elstworkflow/retry/retry.go:87.2,90.80 2 1
github.com/elstworkflow/retry/retry.go:90.80,92.3 1 1
github.com/elstworkflow/retry/retry.go:94.2,94.32 1 1
github.com/elstworkflow/retry/retry.go:98.71,99.36 1 0
github.com/elstworkflow/retry/retry.go:99.36,101.3 1 0
github.com/elstworkflow/retry/retry.go:102.2,102.31 1 0
github.com/elstworkflow/retry/retry.go:102.31,104.3 1 0
github.com/elstworkflow/retry/retry.go:105.2,105.13 1 0
github.com/elstworkflow/retry/retry.go:109.48,111.2 1 0
github.com/elstworkflow/retry/retry.go:114.38,116.2 1 1
github.com/elstworkflow/retry/retry.go:125.103,130.2 1 1
github.com/elstworkflow/retry/retry.go:133.65,134.27 1 1
github.com/elstworkflow/retry/retry.go:134.27,136.3 1 1
github.com/elstworkflow/retry/retry.go:137.2,137.26 1 0
github.com/elstworkflow/retry/retry.go:141.66,142.36 1 0
github.com/elstworkflow/retry/retry.go:142.36,144.3 1 0
github.com/elstworkflow/retry/retry.go:145.2,145.31 1 0
github.com/elstworkflow/retry/retry.go:145.31,147.3 1 0
github.com/elstworkflow/retry/retry.go:148.2,148.13 1 0
github.com/elstworkflow/retry/retry.go:152.43,154.2 1 0
github.com/elstworkflow/retry/retry.go:157.34,159.2 0 0
github.com/elstworkflow/retry/retry.go:162.51,163.19 1 1
github.com/elstworkflow/retry/retry.go:163.19,165.3 1 1
github.com/elstworkflow/retry/retry.go:167.2,167.25 1 1
github.com/elstworkflow/retry/retry.go:168.23,169.33 1 1
github.com/elstworkflow/retry/retry.go:170.29,171.39 1 1
github.com/elstworkflow/retry/retry.go:172.24,173.39 1 1
github.com/elstworkflow/retry/retry.go:174.10,175.33 1 0
github.com/elstworkflow/retry/retry.go:180.84,181.20 1 1
github.com/elstworkflow/retry/retry.go:181.20,183.3 1 1
github.com/elstworkflow/retry/retry.go:185.2,186.64 2 1
github.com/elstworkflow/retry/retry.go:186.64,188.17 2 1
github.com/elstworkflow/retry/retry.go:188.17,190.4 1 1
github.com/elstworkflow/retry/retry.go:192.3,194.41 2 1
github.com/elstworkflow/retry/retry.go:194.41,195.9 1 1
github.com/elstworkflow/retry/retry.go:198.3,198.38 1 1
github.com/elstworkflow/retry/retry.go:198.38,201.4 2 1
github.com/elstworkflow/retry/retry.go:204.2,204.21 1 1
github.com/elstworkflow/retry/retry.go:208.162,209.20 1 1
github.com/elstworkflow/retry/retry.go:209.20,211.3 1 0
github.com/elstworkflow/retry/retry.go:213.2,214.64 2 1
github.com/elstworkflow/retry/retry.go:214.64,216.17 2 1
github.com/elstworkflow/retry/retry.go:216.17,218.4 1 1
github.com/elstworkflow/retry/retry.go:220.3,222.41 2 1
github.com/elstworkflow/retry/retry.go:222.41,223.9 1 0
github.com/elstworkflow/retry/retry.go:226.3,226.38 1 1
github.com/elstworkflow/retry/retry.go:226.38,228.22 2 1
github.com/elstworkflow/retry/retry.go:228.22,230.5 1 1
github.com/elstworkflow/retry/retry.go:231.4,231.24 1 1
github.com/elstworkflow/retry/retry.go:235.2,235.21 1 0
github.com/elstworkflow/timeout/timeout.go:24.39,26.2 1 1
github.com/elstworkflow/timeout/timeout.go:44.41,46.2 1 1
github.com/elstworkflow/timeout/timeout.go:49.133,50.18 1 1
github.com/elstworkflow/timeout/timeout.go:50.18,52.3 1 1
github.com/elstworkflow/timeout/timeout.go:54.2,63.12 5 1
github.com/elstworkflow/timeout/timeout.go:63.12,66.3 2 1
github.com/elstworkflow/timeout/timeout.go:68.2,68.9 1 1
github.com/elstworkflow/timeout/timeout.go:69.21,70.28 1 1
github.com/elstworkflow/timeout/timeout.go:71.20,76.4 1 1
github.com/elstworkflow/timeout/timeout.go:81.144,82.19 1 1
github.com/elstworkflow/timeout/timeout.go:82.19,84.3 1 1
github.com/elstworkflow/timeout/timeout.go:86.2,86.42 1 1
github.com/elstworkflow/timeout/timeout.go:90.101,92.2 1 1
github.com/elstworkflow/timeout/timeout.go:95.135,97.2 1 1
github.com/elstworkflow/timeout/timeout.go:100.120,103.2 2 1
github.com/elstworkflow/timeout/timeout.go:106.131,109.2 2 1
github.com/elstworkflow/timeout/timeout.go:112.37,113.16 1 1
github.com/elstworkflow/timeout/timeout.go:113.16,115.3 1 1
github.com/elstworkflow/timeout/timeout.go:116.2,117.11 2 1
github.com/elstworkflow/timeout/timeout.go:121.105,122.37 1 1
github.com/elstworkflow/timeout/timeout.go:122.37,123.85 1 1
github.com/elstworkflow/timeout/timeout.go:123.85,125.4 1 1
github.com/elstworkflow/timeout/timeout.go:130.116,131.37 1 1
github.com/elstworkflow/timeout/timeout.go:131.37,132.90 1 1
github.com/elstworkflow/timeout/timeout.go:132.90,134.4 1 1
github.com/elstworkflow/timeout/timeout.go:139.124,140.37 1 1
github.com/elstworkflow/timeout/timeout.go:140.37,142.3 1 1
